2025-04-04 07:41:36.908714 - Received CBT.V508.FILE311.PDS from FILE311.XMI 
2025-04-04 07:41:36.910551 - Found $$$#DATE.txt (text/plain) in CBT.V508.FILE311.PDS, moved to PDS/$$$#DATE
2025-04-04 07:41:36.910711 - Found $$README.txt (text/plain) in CBT.V508.FILE311.PDS, moved to PDS/$$README
2025-04-04 07:41:36.910856 - Found $CHANGES.txt (text/plain) in CBT.V508.FILE311.PDS, moved to PDS/$CHANGES
2025-04-04 07:41:36.911002 - Found $INDEX.txt (text/plain) in CBT.V508.FILE311.PDS, moved to PDS/$INDEX
2025-04-04 07:41:36.911116 - Found $PDSLOAD.txt (text/plain) in CBT.V508.FILE311.PDS, moved to PDS/$PDSLOAD
2025-04-04 07:41:36.911240 - Found @FILE311.txt (text/plain) in CBT.V508.FILE311.PDS, moved to PDS/@FILE311
2025-04-04 07:41:36.911376 - Found APFADD.rexx (text/plain) in CBT.V508.FILE311.PDS, moved to PDS/APFADD
2025-04-04 07:41:36.911493 - Found BENCHMRK.txt (text/plain) in CBT.V508.FILE311.PDS, moved to PDS/BENCHMRK
2025-04-04 07:41:36.911613 - Found BENCHMR1.txt (text/plain) in CBT.V508.FILE311.PDS, moved to PDS/BENCHMR1
2025-04-04 07:41:36.911733 - Found BENCHMR2.txt (text/plain) in CBT.V508.FILE311.PDS, moved to PDS/BENCHMR2
2025-04-04 07:41:36.911855 - Found CATME.rexx (text/plain) in CBT.V508.FILE311.PDS, moved to PDS/CATME
2025-04-04 07:41:36.911965 - Found CA90S.rexx (text/plain) in CBT.V508.FILE311.PDS, moved to PDS/CA90S
2025-04-04 07:41:36.912125 - Found CBT$XREF.rexx (text/plain) in CBT.V508.FILE311.PDS, moved to PDS/CBT$XREF
2025-04-04 07:41:36.912244 - Found CLIPBRD.txt (text/plain) in CBT.V508.FILE311.PDS, moved to PDS/CLIPBRD
2025-04-04 07:41:36.912399 - Found COMPPDS.rexx (text/plain) in CBT.V508.FILE311.PDS, moved to PDS/COMPPDS
2025-04-04 07:41:36.912513 - Found COMPPDSJ.txt (text/plain) in CBT.V508.FILE311.PDS, moved to PDS/COMPPDSJ
2025-04-04 07:41:36.912647 - Found COPYANSI.rexx (text/plain) in CBT.V508.FILE311.PDS, moved to PDS/COPYANSI
2025-04-04 07:41:36.913204 - Found DASRC.txt (text/plain) in CBT.V508.FILE311.PDS, moved to PDS/DASRC
2025-04-04 07:41:36.913350 - Found DASRCV.xmi (application/xmit) in CBT.V508.FILE311.PDS, moved to PDS/DASRCV.xmi
2025-04-04 07:41:36.966281 - Received IBMUSER.DA.SOURCEV from DASRCV.xmi 
2025-04-04 07:41:36.966784 - Found $$README.txt (text/plain) in IBMUSER.DA.SOURCEV, moved to DASRCV/$$README
2025-04-04 07:41:36.966931 - Found R$EREP.rexx (text/plain) in IBMUSER.DA.SOURCEV, moved to DASRCV/R$EREP
2025-04-04 07:41:36.967059 - Found R$EREP31.rexx (text/plain) in IBMUSER.DA.SOURCEV, moved to DASRCV/R$EREP31
2025-04-04 07:41:36.967450 - Found DIVER.txt (text/plain) in CBT.V508.FILE311.PDS, moved to PDS/DIVER
2025-04-04 07:41:36.967590 - Found D2SEQN.rexx (text/plain) in CBT.V508.FILE311.PDS, moved to PDS/D2SEQN
2025-04-04 07:41:36.967729 - Found FINDMOD.txt (text/plain) in CBT.V508.FILE311.PDS, moved to PDS/FINDMOD
2025-04-04 07:41:36.967852 - Found HLASMTR.rexx (text/plain) in CBT.V508.FILE311.PDS, moved to PDS/HLASMTR
2025-04-04 07:41:36.967963 - Found IMGCOPY.rexx (text/plain) in CBT.V508.FILE311.PDS, moved to PDS/IMGCOPY
2025-04-04 07:41:36.968084 - Found IMGINFO.rexx (text/plain) in CBT.V508.FILE311.PDS, moved to PDS/IMGINFO
2025-04-04 07:41:36.968200 - Found ISGECMOM.txt (text/plain) in CBT.V508.FILE311.PDS, moved to PDS/ISGECMOM
2025-04-04 07:41:36.968314 - Found ISPFVAR.rexx (text/plain) in CBT.V508.FILE311.PDS, moved to PDS/ISPFVAR
2025-04-04 07:41:36.968440 - Found ISPF34L.rexx (text/plain) in CBT.V508.FILE311.PDS, moved to PDS/ISPF34L
2025-04-04 07:41:36.968608 - Found JES2EXIT.txt (text/plain) in CBT.V508.FILE311.PDS, moved to PDS/JES2EXIT
2025-04-04 07:41:36.968722 - Found LASTUSE.rexx (text/plain) in CBT.V508.FILE311.PDS, moved to PDS/LASTUSE
2025-04-04 07:41:36.968847 - Found MPFEXITS.txt (text/plain) in CBT.V508.FILE311.PDS, moved to PDS/MPFEXITS
2025-04-04 07:41:36.968987 - Found MVSVAR.rexx (text/plain) in CBT.V508.FILE311.PDS, moved to PDS/MVSVAR
2025-04-04 07:41:36.969108 - Found NEWISPF.rexx (text/plain) in CBT.V508.FILE311.PDS, moved to PDS/NEWISPF
2025-04-04 07:41:36.969222 - Found OSCMD.rexx (text/plain) in CBT.V508.FILE311.PDS, moved to PDS/OSCMD
2025-04-04 07:41:36.969341 - Found PROGXX.txt (text/plain) in CBT.V508.FILE311.PDS, moved to PDS/PROGXX
2025-04-04 07:41:36.969455 - Found SASGIF1.txt (text/plain) in CBT.V508.FILE311.PDS, moved to PDS/SASGIF1
2025-04-04 07:41:36.969576 - Found SASGIF2.txt (text/plain) in CBT.V508.FILE311.PDS, moved to PDS/SASGIF2
2025-04-04 07:41:36.969692 - Found SHOWFDR.txt (text/plain) in CBT.V508.FILE311.PDS, moved to PDS/SHOWFDR
2025-04-04 07:41:36.969830 - Found SHOWMRO.txt (text/plain) in CBT.V508.FILE311.PDS, moved to PDS/SHOWMRO
2025-04-04 07:41:36.969959 - Found SHOWSYM.txt (text/plain) in CBT.V508.FILE311.PDS, moved to PDS/SHOWSYM
2025-04-04 07:41:36.970105 - Found SMFEXIT.txt (text/plain) in CBT.V508.FILE311.PDS, moved to PDS/SMFEXIT
2025-04-04 07:41:36.970220 - Found SMPEPP.txt (text/plain) in CBT.V508.FILE311.PDS, moved to PDS/SMPEPP
2025-04-04 07:41:36.970340 - Found SPELLCHK.txt (text/plain) in CBT.V508.FILE311.PDS, moved to PDS/SPELLCHK
2025-04-04 07:41:36.970453 - Found SUBME.rexx (text/plain) in CBT.V508.FILE311.PDS, moved to PDS/SUBME
2025-04-04 07:41:36.970578 - Found SYSVAR.rexx (text/plain) in CBT.V508.FILE311.PDS, moved to PDS/SYSVAR
2025-04-04 07:41:36.970697 - Found TOD.txt (text/plain) in CBT.V508.FILE311.PDS, moved to PDS/TOD
2025-04-04 07:41:36.970981 - Found VSMAP.rexx (text/plain) in CBT.V508.FILE311.PDS, moved to PDS/VSMAP
2025-04-04 07:41:36.971100 - Found XMITINFO.rexx (text/plain) in CBT.V508.FILE311.PDS, moved to PDS/XMITINFO
2025-04-04 07:41:36.971231 - Found Y2K.rexx (text/plain) in CBT.V508.FILE311.PDS, moved to PDS/Y2K
